[themewagon.github.io/Presento/index.html]
[backblue.gif]
[fade.gif]
[index.html]
[themewagon.github.io/Presento/assets/img/favicon.png]
[themewagon.github.io/Presento/assets/img/apple-touch-icon.png]
[themewagon.github.io/Presento/assets/vendor/bootstrap/css/bootstrap.min.css]
[themewagon.github.io/Presento/assets/vendor/bootstrap-icons/bootstrap-icons.css]
[themewagon.github.io/Presento/assets/vendor/aos/aos.css]
[themewagon.github.io/Presento/assets/vendor/glightbox/css/glightbox.min.css]
[themewagon.github.io/Presento/assets/vendor/swiper/swiper-bundle.min.css]
[themewagon.github.io/Presento/assets/css/main.css]
[themewagon.github.io/Presento/index-2.html]
[themewagon.github.io/Presento/blog.html]
[themewagon.github.io/Presento/assets/img/hero-bg.jpg]
[themewagon.github.io/Presento/assets/img/clients/client-1.png]
[themewagon.github.io/Presento/assets/img/clients/client-2.png]
[themewagon.github.io/Presento/assets/img/clients/client-3.png]
[themewagon.github.io/Presento/assets/img/clients/client-4.png]
[themewagon.github.io/Presento/assets/img/clients/client-5.png]
[themewagon.github.io/Presento/assets/img/clients/client-6.png]
[themewagon.github.io/Presento/assets/img/clients/client-7.png]
[themewagon.github.io/Presento/assets/img/clients/client-8.png]
[themewagon.github.io/Presento/assets/img/working-1.jpg]
[themewagon.github.io/Presento/assets/img/working-2.jpg]
[themewagon.github.io/Presento/assets/img/working-3.jpg]
[themewagon.github.io/Presento/assets/img/working-4.jpg]
[themewagon.github.io/Presento/service-details.html]
[themewagon.github.io/Presento/assets/img/portfolio/app-1.jpg]
[themewagon.github.io/Presento/portfolio-details.html]
[themewagon.github.io/Presento/assets/img/portfolio/product-1.jpg]
[themewagon.github.io/Presento/assets/img/portfolio/branding-1.jpg]
[themewagon.github.io/Presento/assets/img/portfolio/books-1.jpg]
[themewagon.github.io/Presento/assets/img/portfolio/app-2.jpg]
[themewagon.github.io/Presento/assets/img/portfolio/product-2.jpg]
[themewagon.github.io/Presento/assets/img/portfolio/branding-2.jpg]
[themewagon.github.io/Presento/assets/img/portfolio/books-2.jpg]
[themewagon.github.io/Presento/assets/img/portfolio/app-3.jpg]
[themewagon.github.io/Presento/assets/img/portfolio/product-3.jpg]
[themewagon.github.io/Presento/assets/img/portfolio/branding-3.jpg]
[themewagon.github.io/Presento/assets/img/portfolio/books-3.jpg]
[themewagon.github.io/Presento/assets/img/testimonials/testimonials-1.jpg]
[themewagon.github.io/Presento/assets/img/testimonials/testimonials-2.jpg]
[themewagon.github.io/Presento/assets/img/testimonials/testimonials-3.jpg]
[themewagon.github.io/Presento/assets/img/testimonials/testimonials-4.jpg]
[themewagon.github.io/Presento/assets/img/testimonials/testimonials-5.jpg]
[themewagon.github.io/Presento/assets/img/team/team-1.jpg]
[themewagon.github.io/Presento/assets/img/team/team-2.jpg]
[themewagon.github.io/Presento/assets/img/team/team-3.jpg]
[themewagon.github.io/Presento/assets/img/team/team-4.jpg]
[themewagon.github.io/Presento/assets/vendor/bootstrap/js/bootstrap.bundle.min.js]
[themewagon.github.io/Presento/assets/vendor/php-email-form/validate.js]
[themewagon.github.io/Presento/assets/vendor/aos/aos.js]
[themewagon.github.io/Presento/assets/vendor/glightbox/js/glightbox.min.js]
[themewagon.github.io/Presento/assets/vendor/swiper/swiper-bundle.min.js]
[themewagon.github.io/Presento/assets/vendor/purecounter/purecounter_vanilla.js]
[themewagon.github.io/Presento/assets/vendor/imagesloaded/imagesloaded.pkgd.min.js]
[themewagon.github.io/Presento/assets/vendor/isotope-layout/isotope.pkgd.min.js]
[themewagon.github.io/Presento/assets/js/main.js]
[themewagon.github.io/Presento/index.html]
[themewagon.github.io/Presento/assets/vendor/bootstrap/css/bootstrap.min.css]
[themewagon.github.io/Presento/assets/vendor/bootstrap-icons/fonts/bootstrap-icons0107.woff2]
[themewagon.github.io/Presento/assets/vendor/bootstrap-icons/fonts/bootstrap-icons0107.woff]
[themewagon.github.io/Presento/assets/vendor/bootstrap-icons/bootstrap-icons.css]
[themewagon.github.io/Presento/assets/vendor/aos/aos.css]
[themewagon.github.io/Presento/assets/vendor/glightbox/css/glightbox.min.css]
[themewagon.github.io/Presento/assets/vendor/swiper/swiper-bundle.min.css]
[themewagon.github.io/Presento/assets/css/main.css]
[themewagon.github.io/Presento/index-2.html]
[themewagon.github.io/Presento/assets/img/blog/blog-1.jpg]
[themewagon.github.io/Presento/blog-details.html]
[themewagon.github.io/Presento/assets/img/blog/blog-2.jpg]
[themewagon.github.io/Presento/assets/img/blog/blog-3.jpg]
[themewagon.github.io/Presento/assets/img/blog/blog-4.jpg]
[themewagon.github.io/Presento/assets/img/blog/blog-recent-1.jpg]
[themewagon.github.io/Presento/assets/img/blog/blog-recent-2.jpg]
[themewagon.github.io/Presento/assets/img/blog/blog-recent-3.jpg]
[themewagon.github.io/Presento/assets/img/blog/blog-recent-4.jpg]
[themewagon.github.io/Presento/assets/img/blog/blog-recent-5.jpg]
[themewagon.github.io/Presento/blog.html]
[themewagon.github.io/Presento/assets/img/services.jpg]
[themewagon.github.io/Presento/service-details.html]
[themewagon.github.io/Presento/portfolio-details.html]
[themewagon.github.io/Presento/assets/img/blog/blog-inside-post.jpg]
[themewagon.github.io/Presento/assets/img/blog/blog-author.jpg]
[themewagon.github.io/Presento/assets/img/blog/comments-1.jpg]
[themewagon.github.io/Presento/assets/img/blog/comments-2.jpg]
[themewagon.github.io/Presento/assets/img/blog/comments-3.jpg]
[themewagon.github.io/Presento/assets/img/blog/comments-4.jpg]
[themewagon.github.io/Presento/assets/img/blog/comments-5.jpg]
[themewagon.github.io/Presento/assets/img/blog/comments-6.jpg]
[themewagon.github.io/Presento/blog-details.html]
